<?xml version="1.0" encoding="UTF-8"?>
<!-- Generated by org.testng.reporters.JUnitXMLReporter -->
<testsuite ignored="0" hostname="AFZAL" failures="0" tests="3" name="Test" time="18.985" errors="0" timestamp="2024-09-12T17:59:17 IST">
  <testcase classname="testCases.TC001_UserRegistration" name="TestRegistration" time="2.231"/>
  <testcase classname="testCases.TC002_LoginTest" name="loginTest" time="1.522"/>
  <testcase classname="testCases.TC004_SearchTest" name="searchTest" time="0.828"/>
</testsuite> <!-- Test -->
