<?xml version="1.0" encoding="UTF-8"?>
<!-- Generated by org.testng.reporters.JUnitXMLReporter -->
<testsuite ignored="0" hostname="AFZAL" failures="1" tests="1" name="groups" time="0.087" errors="0" timestamp="2024-08-31T18:47:44 IST">
  <testcase classname="testCases.TC001_UserRegistration" name="TestRegistration" time="0.014">
    <failure type="java.lang.NullPointerException" message="Cannot invoke &amp;quot;org.apache.logging.log4j.Logger.info(String)&amp;quot; because &amp;quot;this.logger&amp;quot; is null">
      <![CDATA[java.lang.NullPointerException: Cannot invoke "org.apache.logging.log4j.Logger.info(String)" because "this.logger" is null
at testCases.TC001_UserRegistration.TestRegistration(TC001_UserRegistration.java:16)
at java.base/java.util.ArrayList.forEach(ArrayList.java:1511)
... Removed 27 stack frames]]>
    </failure>
  </testcase> <!-- TestRegistration -->
</testsuite> <!-- groups -->
