<?xml version="1.0" encoding="UTF-8"?>
<testsuite xmlns:xsi="http://www.w3.org/2001/XMLSchema-instance" xsi:noNamespaceSchemaLocation="https://maven.apache.org/surefire/maven-surefire-plugin/xsd/surefire-test-report.xsd" version="3.0.2" name="TestSuite" time="21.966" tests="3" errors="0" skipped="0" failures="0">
  <properties>
[...]
</properties>
  <testcase name="TestRegistration" classname="testCases.TC001_UserRegistration" time="2.253">
    <system-out><![CDATA[17:59:04.867 [main] INFO  testCases.TC001_UserRegistration - *** Test Starts TC001_UserRegistration *****
17:59:05.073 [main] INFO  testCases.TC001_UserRegistration - *** Clicked On the MyAccount link ***
17:59:05.747 [main] INFO  testCases.TC001_UserRegistration - *** Clicking On the Registeration user link ***
17:59:05.747 [main] INFO  testCases.TC001_UserRegistration - *** Providing new user details ***
17:59:07.048 [main] INFO  testCases.TC001_UserRegistration - **Validating Expected Message**
17:59:07.093 [main] INFO  testCases.TC001_UserRegistration - **Finished TC001_UserRegistration **
]]></system-out>
    <system-err><![CDATA[Sep 12, 2024 5:59:01 PM org.openqa.selenium.devtools.CdpVersionFinder findNearestMatch
WARNING: Unable to find an exact match for CDP version 128, returning the closest version; found: 127; Please update to a Selenium version that supports CDP version 128
]]></system-err>
  </testcase>
  <testcase name="loginTest" classname="testCases.TC002_LoginTest" time="1.522">
    <system-out><![CDATA[17:59:10.917 [main] INFO  testCases.TC002_LoginTest - **Test TC002_LoginTest Start**
17:59:10.917 [main] INFO  testCases.TC002_LoginTest - **clicking on the login link**
17:59:11.429 [main] INFO  testCases.TC002_LoginTest - **Reading file from the properties file**
17:59:11.429 [main] INFO  testCases.TC002_LoginTest - **Entering valid credientials**
17:59:12.407 [main] INFO  testCases.TC002_LoginTest - **valadiating expected message**
17:59:12.439 [main] INFO  testCases.TC002_LoginTest - **TC002_LoginTest finished**
]]></system-out>
    <system-err><![CDATA[Sep 12, 2024 5:59:08 PM org.openqa.selenium.devtools.CdpVersionFinder findNearestMatch
WARNING: Unable to find an exact match for CDP version 128, returning the closest version; found: 127; Please update to a Selenium version that supports CDP version 128
]]></system-err>
  </testcase>
  <testcase name="searchTest" classname="testCases.TC004_SearchTest" time="0.828">
    <system-out><![CDATA[17:59:15.907 [main] INFO  testCases.TC004_SearchTest - *** Test Starts TC004_SearchTest *****
17:59:15.907 [main] INFO  testCases.TC004_SearchTest - *** Clicked On the Search bar ***
17:59:16.700 [main] INFO  testCases.TC004_SearchTest - **Validating Expected Message**
17:59:16.735 [main] INFO  testCases.TC004_SearchTest - **Finished TC004_SearchTest **
]]></system-out>
    <system-err><![CDATA[Sep 12, 2024 5:59:13 PM org.openqa.selenium.devtools.CdpVersionFinder findNearestMatch
WARNING: Unable to find an exact match for CDP version 128, returning the closest version; found: 127; Please update to a Selenium version that supports CDP version 128
]]></system-err>
  </testcase>
</testsuite>